12-03 16:18:58 com_github_MitjaNemec_Archive3DModels.action_archive_3d_models 220:Plugin executed on: 'win32'
12-03 16:18:58 com_github_MitjaNemec_Archive3DModels.action_archive_3d_models 221:Plugin executed with python version: '3.9.14 (main, Feb 13 2023, 04:48:26) [MSC v.1934 64 bit (AMD64)]'
12-03 16:18:58 com_github_MitjaNemec_Archive3DModels.action_archive_3d_models 222:KiCad build version: 7.0.1
12-03 16:18:58 com_github_MitjaNemec_Archive3DModels.action_archive_3d_models 223:Plugin version: 1.0.10

12-03 16:18:58 com_github_MitjaNemec_Archive3DModels.action_archive_3d_models 228:Screen sizes: [wx.Size(1920, 1080), wx.Size(1920, 1080), wx.Size(1920, 1080)]
12-03 16:18:58 com_github_MitjaNemec_Archive3DModels.action_archive_3d_models 235:Dialog size: wx.Size(213, 81)
12-03 16:18:59 com_github_MitjaNemec_Archive3DModels.action_archive_3d_models 237:Char size: 15
12-03 16:19:00 com_github_MitjaNemec_Archive3DModels.archive_3d_models 24:Starting to archive 3D models
12-03 16:19:00 com_github_MitjaNemec_Archive3DModels.archive_3d_models 45:Getting 3D models for footprint of: C1
12-03 16:19:00 com_github_MitjaNemec_Archive3DModels.archive_3d_models 56:Trying to copy: ${KICAD6_3DMODEL_DIR}/Capacitor_SMD.3dshapes/C_0805_2012Metric.wrl
12-03 16:19:00 com_github_MitjaNemec_Archive3DModels.archive_3d_models 136:Remapping: ${KICAD6_3DMODEL_DIR}/Capacitor_SMD.3dshapes/C_0805_2012Metric.wrl
12-03 16:19:00 com_github_MitjaNemec_Archive3DModels.archive_3d_models 45:Getting 3D models for footprint of: C2
12-03 16:19:00 com_github_MitjaNemec_Archive3DModels.archive_3d_models 56:Trying to copy: ${KICAD6_3DMODEL_DIR}/Capacitor_SMD.3dshapes/C_0805_2012Metric.wrl
12-03 16:19:00 com_github_MitjaNemec_Archive3DModels.archive_3d_models 136:Remapping: ${KICAD6_3DMODEL_DIR}/Capacitor_SMD.3dshapes/C_0805_2012Metric.wrl
12-03 16:19:00 com_github_MitjaNemec_Archive3DModels.archive_3d_models 45:Getting 3D models for footprint of: C6
12-03 16:19:00 com_github_MitjaNemec_Archive3DModels.archive_3d_models 56:Trying to copy: ${KICAD6_3DMODEL_DIR}/Capacitor_SMD.3dshapes/C_0805_2012Metric.wrl
12-03 16:19:00 com_github_MitjaNemec_Archive3DModels.archive_3d_models 136:Remapping: ${KICAD6_3DMODEL_DIR}/Capacitor_SMD.3dshapes/C_0805_2012Metric.wrl
12-03 16:19:00 com_github_MitjaNemec_Archive3DModels.archive_3d_models 45:Getting 3D models for footprint of: C3
12-03 16:19:00 com_github_MitjaNemec_Archive3DModels.archive_3d_models 56:Trying to copy: ${KICAD6_3DMODEL_DIR}/Capacitor_SMD.3dshapes/C_0603_1608Metric.wrl
12-03 16:19:00 com_github_MitjaNemec_Archive3DModels.archive_3d_models 136:Remapping: ${KICAD6_3DMODEL_DIR}/Capacitor_SMD.3dshapes/C_0603_1608Metric.wrl
12-03 16:19:00 com_github_MitjaNemec_Archive3DModels.archive_3d_models 45:Getting 3D models for footprint of: R1
12-03 16:19:00 com_github_MitjaNemec_Archive3DModels.archive_3d_models 56:Trying to copy: ${KICAD6_3DMODEL_DIR}/Resistor_SMD.3dshapes/R_0603_1608Metric.wrl
12-03 16:19:00 com_github_MitjaNemec_Archive3DModels.archive_3d_models 136:Remapping: ${KICAD6_3DMODEL_DIR}/Resistor_SMD.3dshapes/R_0603_1608Metric.wrl
12-03 16:19:00 com_github_MitjaNemec_Archive3DModels.archive_3d_models 45:Getting 3D models for footprint of: C4
12-03 16:19:00 com_github_MitjaNemec_Archive3DModels.archive_3d_models 56:Trying to copy: ${KICAD6_3DMODEL_DIR}/Capacitor_SMD.3dshapes/C_0603_1608Metric.wrl
12-03 16:19:00 com_github_MitjaNemec_Archive3DModels.archive_3d_models 136:Remapping: ${KICAD6_3DMODEL_DIR}/Capacitor_SMD.3dshapes/C_0603_1608Metric.wrl
12-03 16:19:00 com_github_MitjaNemec_Archive3DModels.archive_3d_models 45:Getting 3D models for footprint of: R3
12-03 16:19:00 com_github_MitjaNemec_Archive3DModels.archive_3d_models 56:Trying to copy: ${KICAD6_3DMODEL_DIR}/Resistor_SMD.3dshapes/R_0603_1608Metric.wrl
12-03 16:19:00 com_github_MitjaNemec_Archive3DModels.archive_3d_models 136:Remapping: ${KICAD6_3DMODEL_DIR}/Resistor_SMD.3dshapes/R_0603_1608Metric.wrl
12-03 16:19:00 com_github_MitjaNemec_Archive3DModels.archive_3d_models 45:Getting 3D models for footprint of: C5
12-03 16:19:00 com_github_MitjaNemec_Archive3DModels.archive_3d_models 56:Trying to copy: ${KICAD6_3DMODEL_DIR}/Capacitor_SMD.3dshapes/C_0603_1608Metric.wrl
12-03 16:19:00 com_github_MitjaNemec_Archive3DModels.archive_3d_models 136:Remapping: ${KICAD6_3DMODEL_DIR}/Capacitor_SMD.3dshapes/C_0603_1608Metric.wrl
12-03 16:19:00 com_github_MitjaNemec_Archive3DModels.archive_3d_models 45:Getting 3D models for footprint of: C7
12-03 16:19:00 com_github_MitjaNemec_Archive3DModels.archive_3d_models 56:Trying to copy: ${KICAD6_3DMODEL_DIR}/Capacitor_SMD.3dshapes/C_0805_2012Metric.wrl
12-03 16:19:00 com_github_MitjaNemec_Archive3DModels.archive_3d_models 136:Remapping: ${KICAD6_3DMODEL_DIR}/Capacitor_SMD.3dshapes/C_0805_2012Metric.wrl
12-03 16:19:00 com_github_MitjaNemec_Archive3DModels.archive_3d_models 45:Getting 3D models for footprint of: C9
12-03 16:19:00 com_github_MitjaNemec_Archive3DModels.archive_3d_models 56:Trying to copy: ${KICAD6_3DMODEL_DIR}/Capacitor_SMD.3dshapes/C_0603_1608Metric.wrl
12-03 16:19:00 com_github_MitjaNemec_Archive3DModels.archive_3d_models 136:Remapping: ${KICAD6_3DMODEL_DIR}/Capacitor_SMD.3dshapes/C_0603_1608Metric.wrl
12-03 16:19:00 com_github_MitjaNemec_Archive3DModels.archive_3d_models 45:Getting 3D models for footprint of: L1
12-03 16:19:00 com_github_MitjaNemec_Archive3DModels.archive_3d_models 56:Trying to copy: ${KICAD7_3DMODEL_DIR}/Inductor_SMD.3dshapes/L_Chilisin_BMRA00050530.wrl
12-03 16:19:00 com_github_MitjaNemec_Archive3DModels.archive_3d_models 136:Remapping: ${KICAD7_3DMODEL_DIR}/Inductor_SMD.3dshapes/L_Chilisin_BMRA00050530.wrl
12-03 16:19:00 com_github_MitjaNemec_Archive3DModels.archive_3d_models 45:Getting 3D models for footprint of: IC1
12-03 16:19:00 com_github_MitjaNemec_Archive3DModels.archive_3d_models 56:Trying to copy: D:\#Git Hub Repos\Footprints Library\SamacSys_PCB_Library\KiCad\SamacSys_Parts.3dshapes\TPS63070RNMR.stp
12-03 16:19:00 com_github_MitjaNemec_Archive3DModels.archive_3d_models 136:Remapping: D:\#Git Hub Repos\Footprints Library\SamacSys_PCB_Library\KiCad\SamacSys_Parts.3dshapes\TPS63070RNMR.stp
12-03 16:19:00 com_github_MitjaNemec_Archive3DModels.archive_3d_models 45:Getting 3D models for footprint of: C8
12-03 16:19:00 com_github_MitjaNemec_Archive3DModels.archive_3d_models 56:Trying to copy: ${KICAD6_3DMODEL_DIR}/Capacitor_SMD.3dshapes/C_0805_2012Metric.wrl
12-03 16:19:00 com_github_MitjaNemec_Archive3DModels.archive_3d_models 136:Remapping: ${KICAD6_3DMODEL_DIR}/Capacitor_SMD.3dshapes/C_0805_2012Metric.wrl
12-03 16:19:00 com_github_MitjaNemec_Archive3DModels.archive_3d_models 45:Getting 3D models for footprint of: R2
12-03 16:19:00 com_github_MitjaNemec_Archive3DModels.archive_3d_models 56:Trying to copy: ${KICAD6_3DMODEL_DIR}/Resistor_SMD.3dshapes/R_0603_1608Metric.wrl
12-03 16:19:00 com_github_MitjaNemec_Archive3DModels.archive_3d_models 136:Remapping: ${KICAD6_3DMODEL_DIR}/Resistor_SMD.3dshapes/R_0603_1608Metric.wrl
12-03 16:19:00 com_github_MitjaNemec_Archive3DModels.archive_3d_models 45:Getting 3D models for footprint of: J2
12-03 16:19:00 com_github_MitjaNemec_Archive3DModels.archive_3d_models 56:Trying to copy: ${KICAD_USER_LIB}/3D Shapes/Connectors.3dshapes/JST-PH 2.00(0.079in)/STEP/SB_Side_Entry_SMT_Type/JST-S2B-PH-SM4-TB.STEP
12-03 16:19:00 com_github_MitjaNemec_Archive3DModels.archive_3d_models 136:Remapping: ${KICAD_USER_LIB}/3D Shapes/Connectors.3dshapes/JST-PH 2.00(0.079in)/STEP/SB_Side_Entry_SMT_Type/JST-S2B-PH-SM4-TB.STEP
12-03 16:19:00 com_github_MitjaNemec_Archive3DModels.archive_3d_models 45:Getting 3D models for footprint of: R4
12-03 16:19:00 com_github_MitjaNemec_Archive3DModels.archive_3d_models 56:Trying to copy: ${KICAD6_3DMODEL_DIR}/Resistor_SMD.3dshapes/R_0603_1608Metric.wrl
12-03 16:19:00 com_github_MitjaNemec_Archive3DModels.archive_3d_models 136:Remapping: ${KICAD6_3DMODEL_DIR}/Resistor_SMD.3dshapes/R_0603_1608Metric.wrl
12-03 16:19:00 com_github_MitjaNemec_Archive3DModels.archive_3d_models 45:Getting 3D models for footprint of: J1
12-03 16:19:00 com_github_MitjaNemec_Archive3DModels.archive_3d_models 56:Trying to copy: ${KICAD_USER_LIB}/3D Shapes/Connectors.3dshapes/JST-PH 2.00(0.079in)/STEP/SB_Side_Entry_SMT_Type/JST-S2B-PH-SM4-TB.STEP
12-03 16:19:00 com_github_MitjaNemec_Archive3DModels.archive_3d_models 136:Remapping: ${KICAD_USER_LIB}/3D Shapes/Connectors.3dshapes/JST-PH 2.00(0.079in)/STEP/SB_Side_Entry_SMT_Type/JST-S2B-PH-SM4-TB.STEP
